<?xml version="1.0" encoding="UTF-8"?>
<testsuites name="jest tests" tests="2" failures="0" time="0.25">
  <testsuite name="" errors="0" failures="0" skipped="0" timestamp="2023-02-26T13:03:19" time="0.243" tests="2">
    <testcase classname=" Wykonano zapytanie Axios GET" name=" Wykonano zapytanie Axios GET" time="0.002">
    </testcase>
    <testcase classname=" Wykonano zapytanie pod własciwy adres" name=" Wykonano zapytanie pod własciwy adres" time="0">
    </testcase>
  </testsuite>
</testsuites>